<?xml version="1.0" encoding="UTF-8"?>
<!-- Generated by org.testng.reporters.JUnitXMLReporter -->
<testsuite hostname="IBM-B5XQR24" failures="8" tests="24" name="test-1" time="128.442" errors="0" timestamp="22 Jul 2026 09:19:47 GMT">
  <testcase classname="com.WebOrders.test.WebOrder_Product_Price_Discount_Verification" name="@BeforeClass setUp" time="0.0">
    <failure type="org.openqa.selenium.NoSuchWindowException" message="no such window: target window already closed
from unknown error: web view not found
  (Session info: MicrosoftEdge=150.0.4078.83)
Build info: version: &amp;apos;4.46.0&amp;apos;, revision: &amp;apos;df5a634 df5a6341cbb5f8f06b836bd595752775627c80dc&amp;apos;
System info: os.name: &amp;apos;Windows 11&amp;apos;, os.arch: &amp;apos;amd64&amp;apos;, os.version: &amp;apos;10.0&amp;apos;, java.version: &amp;apos;21.0.11&amp;apos;
Driver info: org.openqa.selenium.edge.EdgeDriver
Command: [fa5953ede8ba59908900f7b0d42bbb21, findElement {value=ctl00_MainContent_username, using=id}]
Capabilities {acceptInsecureCerts: false, browserName: MicrosoftEdge, browserVersion: 150.0.4078.83, fedcm:accounts: true, goog:processID: 32136, ms:edgeOptions: {debuggerAddress: localhost:56650}, msedge: {msedgedriverVersion: 150.0.4078.83 (7f302606e52a..., userDataDir: C:\Users\SARATH~1\AppData\L...}, networkConnectionEnabled: false, pageLoadStrategy: normal, platformName: windows, proxy: Proxy(), se:cdp: ws://localhost:56650/devtoo..., se:cdpVersion: 150.0.4078.83, setWindowRect: true, strictFileInteractability: false, timeouts: {implicit: 0, pageLoad: 300000, script: 30000}, unhandledPromptBehavior: dismiss and notify, webauthn:extension:credBlob: true, webauthn:extension:largeBlob: true, webauthn:extension:minPinLength: true, webauthn:extension:prf: true, webauthn:virtualAuthenticators: true}
Session ID: fa5953ede8ba59908900f7b0d42bbb21">
      <![CDATA[org.openqa.selenium.NoSuchWindowException: no such window: target window already closed
from unknown error: web view not found
  (Session info: MicrosoftEdge=150.0.4078.83)
Build info: version: '4.46.0', revision: 'df5a634 df5a6341cbb5f8f06b836bd595752775627c80dc'
System info: os.name: 'Windows 11', os.arch: 'amd64', os.version: '10.0', java.version: '21.0.11'
Driver info: org.openqa.selenium.edge.EdgeDriver
Command: [fa5953ede8ba59908900f7b0d42bbb21, findElement {value=ctl00_MainContent_username, using=id}]
Capabilities {acceptInsecureCerts: false, browserName: MicrosoftEdge, browserVersion: 150.0.4078.83, fedcm:accounts: true, goog:processID: 32136, ms:edgeOptions: {debuggerAddress: localhost:56650}, msedge: {msedgedriverVersion: 150.0.4078.83 (7f302606e52a..., userDataDir: C:\Users\SARATH~1\AppData\L...}, networkConnectionEnabled: false, pageLoadStrategy: normal, platformName: windows, proxy: Proxy(), se:cdp: ws://localhost:56650/devtoo..., se:cdpVersion: 150.0.4078.83, setWindowRect: true, strictFileInteractability: false, timeouts: {implicit: 0, pageLoad: 300000, script: 30000}, unhandledPromptBehavior: dismiss and notify, webauthn:extension:credBlob: true, webauthn:extension:largeBlob: true, webauthn:extension:minPinLength: true, webauthn:extension:prf: true, webauthn:virtualAuthenticators: true}
Session ID: fa5953ede8ba59908900f7b0d42bbb21
	at org.openqa.selenium.remote.ErrorCodec.decode(ErrorCodec.java:169)
	at org.openqa.selenium.remote.codec.w3c.W3CHttpResponseCodec.decode(W3CHttpResponseCodec.java:143)
	at org.openqa.selenium.remote.codec.w3c.W3CHttpResponseCodec.decode(W3CHttpResponseCodec.java:50)
	at org.openqa.selenium.remote.HttpCommandExecutor.execute(HttpCommandExecutor.java:196)
	at org.openqa.selenium.remote.service.DriverCommandExecutor.invokeExecute(DriverCommandExecutor.java:217)
	at org.openqa.selenium.remote.service.DriverCommandExecutor.execute(DriverCommandExecutor.java:175)
	at org.openqa.selenium.remote.RemoteWebDriver.execute(RemoteWebDriver.java:626)
	at org.openqa.selenium.remote.ElementLocation$ElementFinder$2.findElement(ElementLocation.java:173)
	at org.openqa.selenium.remote.ElementLocation.findElement(ElementLocation.java:67)
	at org.openqa.selenium.remote.RemoteWebDriver.findElement(RemoteWebDriver.java:406)
	at org.openqa.selenium.remote.RemoteWebDriver.findElement(RemoteWebDriver.java:400)
	at org.openqa.selenium.support.pagefactory.DefaultElementLocator.findElement(DefaultElementLocator.java:69)
	at org.openqa.selenium.support.pagefactory.internal.LocatingElementHandler.invoke(LocatingElementHandler.java:38)
	at jdk.proxy2/jdk.proxy2.$Proxy16.clear(Unknown Source)
	at com.WebOrders.common.WebOrders_BasePage.enterUserName(WebOrders_BasePage.java:52)
	at com.WebOrders.common.WebOrders_BasePage.signInToWebOrders(WebOrders_BasePage.java:45)
	at com.WebOrders.common.WebOrders_BasePage.GoToHomePageAndSignIn(WebOrders_BasePage.java:41)
	at com.WebOrders.test.WebOrder_Product_Price_Discount_Verification.setUp(WebOrder_Product_Price_Discount_Verification.java:33)
... Removed 22 stack frames]]>
    </failure>
  </testcase> <!-- @BeforeClass setUp -->
  <testcase classname="com.WebOrders.test.WebOrder_Product_Price_Discount_Verification" name="@AfterMethod takeScreenshot" time="0.0">
    <skipped/>
  </testcase> <!-- @AfterMethod takeScreenshot -->
  <testcase classname="com.WebOrders.test.WebOrder_Product_Price_Discount_Verification" name="@AfterMethod takeScreenshot" time="0.0">
    <skipped/>
  </testcase> <!-- @AfterMethod takeScreenshot -->
  <testcase classname="com.WebOrders.test.WebOrder_Product_Price_Discount_Verification" name="@AfterMethod takeScreenshot" time="0.0">
    <skipped/>
  </testcase> <!-- @AfterMethod takeScreenshot -->
  <testcase classname="com.WebOrders.test.WebOrder_Product_Price_Discount_Verification" name="@AfterClass tearDown" time="0.0">
    <skipped/>
  </testcase> <!-- @AfterClass tearDown -->
  <testcase classname="com.WebOrders.test.WebOrders_Login" name="loginTest" time="11.179"/>
  <testcase classname="com.WebOrders.test.WebOrders_Login" name="urlTest" time="9.747"/>
  <testcase classname="com.WebOrders.test.WebOrders_Login" name="verifyText" time="8.832"/>
  <testcase classname="com.WebOrders.test.WebOrder_Order_Test" name="createAndVerifyOrder" time="0.016">
    <skipped/>
  </testcase> <!-- createAndVerifyOrder -->
  <testcase classname="com.WebOrders.test.WebOrder_ViewAllOrders_Test" name="verifyCheckAll" time="5.886"/>
  <testcase classname="com.WebOrders.test.WebOrder_ViewAllOrders_Test" name="verifyUnCheckAll" time="1.094"/>
  <testcase classname="com.WebOrders.test.WebOrder_ViewAllOrders_Test" name="verifyDeleteOrder" time="2.476"/>
  <testcase classname="com.WebOrders.test.WebOrder_ViewAllOrders_Test" name="verifyEditOrder" time="7.219"/>
  <testcase classname="com.WebOrders.test.WebOrder_ViewAllOrders_Test" name="verifyEditOrder" time="13.401"/>
  <testcase classname="com.WebOrders.test.WebOrder_ViewAllOrders_Test" name="verifyError" time="5.049"/>
  <testcase classname="com.WebOrders.test.WebOrder_ViewAllOrders_Test" name="verifyError" time="6.936"/>
  <testcase classname="com.WebOrders.test.WebOrder_ViewAllOrders_Test" name="verifyError" time="7.882"/>
  <testcase classname="com.WebOrders.test.WebOrder_ViewAllOrders_Test" name="verifyError" time="2.189"/>
  <testcase classname="com.WebOrders.test.WebOrder_ViewAllOrders_Test" name="verifyError" time="0.016">
    <failure type="org.openqa.selenium.NoSuchWindowException" message="no such window: target window already closed
from unknown error: web view not found
  (Session info: MicrosoftEdge=150.0.4078.83)
Build info: version: &amp;apos;4.46.0&amp;apos;, revision: &amp;apos;df5a634 df5a6341cbb5f8f06b836bd595752775627c80dc&amp;apos;
System info: os.name: &amp;apos;Windows 11&amp;apos;, os.arch: &amp;apos;amd64&amp;apos;, os.version: &amp;apos;10.0&amp;apos;, java.version: &amp;apos;21.0.11&amp;apos;
Driver info: org.openqa.selenium.edge.EdgeDriver
Command: [728df419c6a4e03a165a90629a703c97, findElement {value=//table[@id=&amp;apos;ctl00_MainContent_orderGrid&amp;apos;]//tr[2]//td/input[@type=&amp;apos;image&amp;apos;], using=xpath}]
Capabilities {acceptInsecureCerts: false, browserName: MicrosoftEdge, browserVersion: 150.0.4078.83, fedcm:accounts: true, goog:processID: 27592, ms:edgeOptions: {debuggerAddress: localhost:55997}, msedge: {msedgedriverVersion: 150.0.4078.83 (7f302606e52a..., userDataDir: C:\Users\SARATH~1\AppData\L...}, networkConnectionEnabled: false, pageLoadStrategy: normal, platformName: windows, proxy: Proxy(), se:cdp: ws://localhost:55997/devtoo..., se:cdpVersion: 150.0.4078.83, setWindowRect: true, strictFileInteractability: false, timeouts: {implicit: 0, pageLoad: 300000, script: 30000}, unhandledPromptBehavior: dismiss and notify, webauthn:extension:credBlob: true, webauthn:extension:largeBlob: true, webauthn:extension:minPinLength: true, webauthn:extension:prf: true, webauthn:virtualAuthenticators: true}
Session ID: 728df419c6a4e03a165a90629a703c97">
      <![CDATA[org.openqa.selenium.NoSuchWindowException: no such window: target window already closed
from unknown error: web view not found
  (Session info: MicrosoftEdge=150.0.4078.83)
Build info: version: '4.46.0', revision: 'df5a634 df5a6341cbb5f8f06b836bd595752775627c80dc'
System info: os.name: 'Windows 11', os.arch: 'amd64', os.version: '10.0', java.version: '21.0.11'
Driver info: org.openqa.selenium.edge.EdgeDriver
Command: [728df419c6a4e03a165a90629a703c97, findElement {value=//table[@id='ctl00_MainContent_orderGrid']//tr[2]//td/input[@type='image'], using=xpath}]
Capabilities {acceptInsecureCerts: false, browserName: MicrosoftEdge, browserVersion: 150.0.4078.83, fedcm:accounts: true, goog:processID: 27592, ms:edgeOptions: {debuggerAddress: localhost:55997}, msedge: {msedgedriverVersion: 150.0.4078.83 (7f302606e52a..., userDataDir: C:\Users\SARATH~1\AppData\L...}, networkConnectionEnabled: false, pageLoadStrategy: normal, platformName: windows, proxy: Proxy(), se:cdp: ws://localhost:55997/devtoo..., se:cdpVersion: 150.0.4078.83, setWindowRect: true, strictFileInteractability: false, timeouts: {implicit: 0, pageLoad: 300000, script: 30000}, unhandledPromptBehavior: dismiss and notify, webauthn:extension:credBlob: true, webauthn:extension:largeBlob: true, webauthn:extension:minPinLength: true, webauthn:extension:prf: true, webauthn:virtualAuthenticators: true}
Session ID: 728df419c6a4e03a165a90629a703c97
	at org.openqa.selenium.remote.ErrorCodec.decode(ErrorCodec.java:169)
	at org.openqa.selenium.remote.codec.w3c.W3CHttpResponseCodec.decode(W3CHttpResponseCodec.java:143)
	at org.openqa.selenium.remote.codec.w3c.W3CHttpResponseCodec.decode(W3CHttpResponseCodec.java:50)
	at org.openqa.selenium.remote.HttpCommandExecutor.execute(HttpCommandExecutor.java:196)
	at org.openqa.selenium.remote.service.DriverCommandExecutor.invokeExecute(DriverCommandExecutor.java:217)
	at org.openqa.selenium.remote.service.DriverCommandExecutor.execute(DriverCommandExecutor.java:175)
	at org.openqa.selenium.remote.RemoteWebDriver.execute(RemoteWebDriver.java:626)
	at org.openqa.selenium.remote.ElementLocation$ElementFinder$2.findElement(ElementLocation.java:173)
	at org.openqa.selenium.remote.ElementLocation.findElement(ElementLocation.java:60)
	at org.openqa.selenium.remote.RemoteWebDriver.findElement(RemoteWebDriver.java:406)
	at org.openqa.selenium.remote.RemoteWebDriver.findElement(RemoteWebDriver.java:400)
	at org.openqa.selenium.support.pagefactory.DefaultElementLocator.findElement(DefaultElementLocator.java:69)
	at org.openqa.selenium.support.pagefactory.internal.LocatingElementHandler.invoke(LocatingElementHandler.java:38)
	at jdk.proxy2/jdk.proxy2.$Proxy16.click(Unknown Source)
	at com.WebOrders.home.WebOrders_ViewAllOrdersPage.clickEdit(WebOrders_ViewAllOrdersPage.java:80)
	at com.WebOrders.test.WebOrder_ViewAllOrders_Test.verifyError(WebOrder_ViewAllOrders_Test.java:79)
... Removed 22 stack frames]]>
    </failure>
  </testcase> <!-- verifyError -->
  <testcase classname="com.WebOrders.test.WebOrder_ViewAllOrders_Test" name="verifyError" time="0.01">
    <failure type="org.openqa.selenium.NoSuchWindowException" message="no such window: target window already closed
from unknown error: web view not found
  (Session info: MicrosoftEdge=150.0.4078.83)
Build info: version: &amp;apos;4.46.0&amp;apos;, revision: &amp;apos;df5a634 df5a6341cbb5f8f06b836bd595752775627c80dc&amp;apos;
System info: os.name: &amp;apos;Windows 11&amp;apos;, os.arch: &amp;apos;amd64&amp;apos;, os.version: &amp;apos;10.0&amp;apos;, java.version: &amp;apos;21.0.11&amp;apos;
Driver info: org.openqa.selenium.edge.EdgeDriver
Command: [728df419c6a4e03a165a90629a703c97, findElement {value=//table[@id=&amp;apos;ctl00_MainContent_orderGrid&amp;apos;]//tr[2]//td/input[@type=&amp;apos;image&amp;apos;], using=xpath}]
Capabilities {acceptInsecureCerts: false, browserName: MicrosoftEdge, browserVersion: 150.0.4078.83, fedcm:accounts: true, goog:processID: 27592, ms:edgeOptions: {debuggerAddress: localhost:55997}, msedge: {msedgedriverVersion: 150.0.4078.83 (7f302606e52a..., userDataDir: C:\Users\SARATH~1\AppData\L...}, networkConnectionEnabled: false, pageLoadStrategy: normal, platformName: windows, proxy: Proxy(), se:cdp: ws://localhost:55997/devtoo..., se:cdpVersion: 150.0.4078.83, setWindowRect: true, strictFileInteractability: false, timeouts: {implicit: 0, pageLoad: 300000, script: 30000}, unhandledPromptBehavior: dismiss and notify, webauthn:extension:credBlob: true, webauthn:extension:largeBlob: true, webauthn:extension:minPinLength: true, webauthn:extension:prf: true, webauthn:virtualAuthenticators: true}
Session ID: 728df419c6a4e03a165a90629a703c97">
      <![CDATA[org.openqa.selenium.NoSuchWindowException: no such window: target window already closed
from unknown error: web view not found
  (Session info: MicrosoftEdge=150.0.4078.83)
Build info: version: '4.46.0', revision: 'df5a634 df5a6341cbb5f8f06b836bd595752775627c80dc'
System info: os.name: 'Windows 11', os.arch: 'amd64', os.version: '10.0', java.version: '21.0.11'
Driver info: org.openqa.selenium.edge.EdgeDriver
Command: [728df419c6a4e03a165a90629a703c97, findElement {value=//table[@id='ctl00_MainContent_orderGrid']//tr[2]//td/input[@type='image'], using=xpath}]
Capabilities {acceptInsecureCerts: false, browserName: MicrosoftEdge, browserVersion: 150.0.4078.83, fedcm:accounts: true, goog:processID: 27592, ms:edgeOptions: {debuggerAddress: localhost:55997}, msedge: {msedgedriverVersion: 150.0.4078.83 (7f302606e52a..., userDataDir: C:\Users\SARATH~1\AppData\L...}, networkConnectionEnabled: false, pageLoadStrategy: normal, platformName: windows, proxy: Proxy(), se:cdp: ws://localhost:55997/devtoo..., se:cdpVersion: 150.0.4078.83, setWindowRect: true, strictFileInteractability: false, timeouts: {implicit: 0, pageLoad: 300000, script: 30000}, unhandledPromptBehavior: dismiss and notify, webauthn:extension:credBlob: true, webauthn:extension:largeBlob: true, webauthn:extension:minPinLength: true, webauthn:extension:prf: true, webauthn:virtualAuthenticators: true}
Session ID: 728df419c6a4e03a165a90629a703c97
	at org.openqa.selenium.remote.ErrorCodec.decode(ErrorCodec.java:169)
	at org.openqa.selenium.remote.codec.w3c.W3CHttpResponseCodec.decode(W3CHttpResponseCodec.java:143)
	at org.openqa.selenium.remote.codec.w3c.W3CHttpResponseCodec.decode(W3CHttpResponseCodec.java:50)
	at org.openqa.selenium.remote.HttpCommandExecutor.execute(HttpCommandExecutor.java:196)
	at org.openqa.selenium.remote.service.DriverCommandExecutor.invokeExecute(DriverCommandExecutor.java:217)
	at org.openqa.selenium.remote.service.DriverCommandExecutor.execute(DriverCommandExecutor.java:175)
	at org.openqa.selenium.remote.RemoteWebDriver.execute(RemoteWebDriver.java:626)
	at org.openqa.selenium.remote.ElementLocation$ElementFinder$2.findElement(ElementLocation.java:173)
	at org.openqa.selenium.remote.ElementLocation.findElement(ElementLocation.java:60)
	at org.openqa.selenium.remote.RemoteWebDriver.findElement(RemoteWebDriver.java:406)
	at org.openqa.selenium.remote.RemoteWebDriver.findElement(RemoteWebDriver.java:400)
	at org.openqa.selenium.support.pagefactory.DefaultElementLocator.findElement(DefaultElementLocator.java:69)
	at org.openqa.selenium.support.pagefactory.internal.LocatingElementHandler.invoke(LocatingElementHandler.java:38)
	at jdk.proxy2/jdk.proxy2.$Proxy16.click(Unknown Source)
	at com.WebOrders.home.WebOrders_ViewAllOrdersPage.clickEdit(WebOrders_ViewAllOrdersPage.java:80)
	at com.WebOrders.test.WebOrder_ViewAllOrders_Test.verifyError(WebOrder_ViewAllOrders_Test.java:79)
... Removed 22 stack frames]]>
    </failure>
  </testcase> <!-- verifyError -->
  <testcase classname="com.WebOrders.test.WebOrder_ViewAllOrders_Test" name="verifyError" time="0.01">
    <failure type="org.openqa.selenium.NoSuchWindowException" message="no such window: target window already closed
from unknown error: web view not found
  (Session info: MicrosoftEdge=150.0.4078.83)
Build info: version: &amp;apos;4.46.0&amp;apos;, revision: &amp;apos;df5a634 df5a6341cbb5f8f06b836bd595752775627c80dc&amp;apos;
System info: os.name: &amp;apos;Windows 11&amp;apos;, os.arch: &amp;apos;amd64&amp;apos;, os.version: &amp;apos;10.0&amp;apos;, java.version: &amp;apos;21.0.11&amp;apos;
Driver info: org.openqa.selenium.edge.EdgeDriver
Command: [728df419c6a4e03a165a90629a703c97, findElement {value=//table[@id=&amp;apos;ctl00_MainContent_orderGrid&amp;apos;]//tr[2]//td/input[@type=&amp;apos;image&amp;apos;], using=xpath}]
Capabilities {acceptInsecureCerts: false, browserName: MicrosoftEdge, browserVersion: 150.0.4078.83, fedcm:accounts: true, goog:processID: 27592, ms:edgeOptions: {debuggerAddress: localhost:55997}, msedge: {msedgedriverVersion: 150.0.4078.83 (7f302606e52a..., userDataDir: C:\Users\SARATH~1\AppData\L...}, networkConnectionEnabled: false, pageLoadStrategy: normal, platformName: windows, proxy: Proxy(), se:cdp: ws://localhost:55997/devtoo..., se:cdpVersion: 150.0.4078.83, setWindowRect: true, strictFileInteractability: false, timeouts: {implicit: 0, pageLoad: 300000, script: 30000}, unhandledPromptBehavior: dismiss and notify, webauthn:extension:credBlob: true, webauthn:extension:largeBlob: true, webauthn:extension:minPinLength: true, webauthn:extension:prf: true, webauthn:virtualAuthenticators: true}
Session ID: 728df419c6a4e03a165a90629a703c97">
      <![CDATA[org.openqa.selenium.NoSuchWindowException: no such window: target window already closed
from unknown error: web view not found
  (Session info: MicrosoftEdge=150.0.4078.83)
Build info: version: '4.46.0', revision: 'df5a634 df5a6341cbb5f8f06b836bd595752775627c80dc'
System info: os.name: 'Windows 11', os.arch: 'amd64', os.version: '10.0', java.version: '21.0.11'
Driver info: org.openqa.selenium.edge.EdgeDriver
Command: [728df419c6a4e03a165a90629a703c97, findElement {value=//table[@id='ctl00_MainContent_orderGrid']//tr[2]//td/input[@type='image'], using=xpath}]
Capabilities {acceptInsecureCerts: false, browserName: MicrosoftEdge, browserVersion: 150.0.4078.83, fedcm:accounts: true, goog:processID: 27592, ms:edgeOptions: {debuggerAddress: localhost:55997}, msedge: {msedgedriverVersion: 150.0.4078.83 (7f302606e52a..., userDataDir: C:\Users\SARATH~1\AppData\L...}, networkConnectionEnabled: false, pageLoadStrategy: normal, platformName: windows, proxy: Proxy(), se:cdp: ws://localhost:55997/devtoo..., se:cdpVersion: 150.0.4078.83, setWindowRect: true, strictFileInteractability: false, timeouts: {implicit: 0, pageLoad: 300000, script: 30000}, unhandledPromptBehavior: dismiss and notify, webauthn:extension:credBlob: true, webauthn:extension:largeBlob: true, webauthn:extension:minPinLength: true, webauthn:extension:prf: true, webauthn:virtualAuthenticators: true}
Session ID: 728df419c6a4e03a165a90629a703c97
	at org.openqa.selenium.remote.ErrorCodec.decode(ErrorCodec.java:169)
	at org.openqa.selenium.remote.codec.w3c.W3CHttpResponseCodec.decode(W3CHttpResponseCodec.java:143)
	at org.openqa.selenium.remote.codec.w3c.W3CHttpResponseCodec.decode(W3CHttpResponseCodec.java:50)
	at org.openqa.selenium.remote.HttpCommandExecutor.execute(HttpCommandExecutor.java:196)
	at org.openqa.selenium.remote.service.DriverCommandExecutor.invokeExecute(DriverCommandExecutor.java:217)
	at org.openqa.selenium.remote.service.DriverCommandExecutor.execute(DriverCommandExecutor.java:175)
	at org.openqa.selenium.remote.RemoteWebDriver.execute(RemoteWebDriver.java:626)
	at org.openqa.selenium.remote.ElementLocation$ElementFinder$2.findElement(ElementLocation.java:173)
	at org.openqa.selenium.remote.ElementLocation.findElement(ElementLocation.java:60)
	at org.openqa.selenium.remote.RemoteWebDriver.findElement(RemoteWebDriver.java:406)
	at org.openqa.selenium.remote.RemoteWebDriver.findElement(RemoteWebDriver.java:400)
	at org.openqa.selenium.support.pagefactory.DefaultElementLocator.findElement(DefaultElementLocator.java:69)
	at org.openqa.selenium.support.pagefactory.internal.LocatingElementHandler.invoke(LocatingElementHandler.java:38)
	at jdk.proxy2/jdk.proxy2.$Proxy16.click(Unknown Source)
	at com.WebOrders.home.WebOrders_ViewAllOrdersPage.clickEdit(WebOrders_ViewAllOrdersPage.java:80)
	at com.WebOrders.test.WebOrder_ViewAllOrders_Test.verifyError(WebOrder_ViewAllOrders_Test.java:79)
... Removed 22 stack frames]]>
    </failure>
  </testcase> <!-- verifyError -->
  <testcase classname="com.WebOrders.test.WebOrder_ViewAllOrders_Test" name="verifyError" time="0.024">
    <failure type="org.openqa.selenium.NoSuchWindowException" message="no such window: target window already closed
from unknown error: web view not found
  (Session info: MicrosoftEdge=150.0.4078.83)
Build info: version: &amp;apos;4.46.0&amp;apos;, revision: &amp;apos;df5a634 df5a6341cbb5f8f06b836bd595752775627c80dc&amp;apos;
System info: os.name: &amp;apos;Windows 11&amp;apos;, os.arch: &amp;apos;amd64&amp;apos;, os.version: &amp;apos;10.0&amp;apos;, java.version: &amp;apos;21.0.11&amp;apos;
Driver info: org.openqa.selenium.edge.EdgeDriver
Command: [728df419c6a4e03a165a90629a703c97, findElement {value=//table[@id=&amp;apos;ctl00_MainContent_orderGrid&amp;apos;]//tr[2]//td/input[@type=&amp;apos;image&amp;apos;], using=xpath}]
Capabilities {acceptInsecureCerts: false, browserName: MicrosoftEdge, browserVersion: 150.0.4078.83, fedcm:accounts: true, goog:processID: 27592, ms:edgeOptions: {debuggerAddress: localhost:55997}, msedge: {msedgedriverVersion: 150.0.4078.83 (7f302606e52a..., userDataDir: C:\Users\SARATH~1\AppData\L...}, networkConnectionEnabled: false, pageLoadStrategy: normal, platformName: windows, proxy: Proxy(), se:cdp: ws://localhost:55997/devtoo..., se:cdpVersion: 150.0.4078.83, setWindowRect: true, strictFileInteractability: false, timeouts: {implicit: 0, pageLoad: 300000, script: 30000}, unhandledPromptBehavior: dismiss and notify, webauthn:extension:credBlob: true, webauthn:extension:largeBlob: true, webauthn:extension:minPinLength: true, webauthn:extension:prf: true, webauthn:virtualAuthenticators: true}
Session ID: 728df419c6a4e03a165a90629a703c97">
      <![CDATA[org.openqa.selenium.NoSuchWindowException: no such window: target window already closed
from unknown error: web view not found
  (Session info: MicrosoftEdge=150.0.4078.83)
Build info: version: '4.46.0', revision: 'df5a634 df5a6341cbb5f8f06b836bd595752775627c80dc'
System info: os.name: 'Windows 11', os.arch: 'amd64', os.version: '10.0', java.version: '21.0.11'
Driver info: org.openqa.selenium.edge.EdgeDriver
Command: [728df419c6a4e03a165a90629a703c97, findElement {value=//table[@id='ctl00_MainContent_orderGrid']//tr[2]//td/input[@type='image'], using=xpath}]
Capabilities {acceptInsecureCerts: false, browserName: MicrosoftEdge, browserVersion: 150.0.4078.83, fedcm:accounts: true, goog:processID: 27592, ms:edgeOptions: {debuggerAddress: localhost:55997}, msedge: {msedgedriverVersion: 150.0.4078.83 (7f302606e52a..., userDataDir: C:\Users\SARATH~1\AppData\L...}, networkConnectionEnabled: false, pageLoadStrategy: normal, platformName: windows, proxy: Proxy(), se:cdp: ws://localhost:55997/devtoo..., se:cdpVersion: 150.0.4078.83, setWindowRect: true, strictFileInteractability: false, timeouts: {implicit: 0, pageLoad: 300000, script: 30000}, unhandledPromptBehavior: dismiss and notify, webauthn:extension:credBlob: true, webauthn:extension:largeBlob: true, webauthn:extension:minPinLength: true, webauthn:extension:prf: true, webauthn:virtualAuthenticators: true}
Session ID: 728df419c6a4e03a165a90629a703c97
	at org.openqa.selenium.remote.ErrorCodec.decode(ErrorCodec.java:169)
	at org.openqa.selenium.remote.codec.w3c.W3CHttpResponseCodec.decode(W3CHttpResponseCodec.java:143)
	at org.openqa.selenium.remote.codec.w3c.W3CHttpResponseCodec.decode(W3CHttpResponseCodec.java:50)
	at org.openqa.selenium.remote.HttpCommandExecutor.execute(HttpCommandExecutor.java:196)
	at org.openqa.selenium.remote.service.DriverCommandExecutor.invokeExecute(DriverCommandExecutor.java:217)
	at org.openqa.selenium.remote.service.DriverCommandExecutor.execute(DriverCommandExecutor.java:175)
	at org.openqa.selenium.remote.RemoteWebDriver.execute(RemoteWebDriver.java:626)
	at org.openqa.selenium.remote.ElementLocation$ElementFinder$2.findElement(ElementLocation.java:173)
	at org.openqa.selenium.remote.ElementLocation.findElement(ElementLocation.java:60)
	at org.openqa.selenium.remote.RemoteWebDriver.findElement(RemoteWebDriver.java:406)
	at org.openqa.selenium.remote.RemoteWebDriver.findElement(RemoteWebDriver.java:400)
	at org.openqa.selenium.support.pagefactory.DefaultElementLocator.findElement(DefaultElementLocator.java:69)
	at org.openqa.selenium.support.pagefactory.internal.LocatingElementHandler.invoke(LocatingElementHandler.java:38)
	at jdk.proxy2/jdk.proxy2.$Proxy16.click(Unknown Source)
	at com.WebOrders.home.WebOrders_ViewAllOrdersPage.clickEdit(WebOrders_ViewAllOrdersPage.java:80)
	at com.WebOrders.test.WebOrder_ViewAllOrders_Test.verifyError(WebOrder_ViewAllOrders_Test.java:79)
... Removed 22 stack frames]]>
    </failure>
  </testcase> <!-- verifyError -->
  <testcase classname="com.WebOrders.test.WebOrder_ViewAllOrders_Test" name="verifyError" time="0.015">
    <failure type="org.openqa.selenium.NoSuchWindowException" message="no such window: target window already closed
from unknown error: web view not found
  (Session info: MicrosoftEdge=150.0.4078.83)
Build info: version: &amp;apos;4.46.0&amp;apos;, revision: &amp;apos;df5a634 df5a6341cbb5f8f06b836bd595752775627c80dc&amp;apos;
System info: os.name: &amp;apos;Windows 11&amp;apos;, os.arch: &amp;apos;amd64&amp;apos;, os.version: &amp;apos;10.0&amp;apos;, java.version: &amp;apos;21.0.11&amp;apos;
Driver info: org.openqa.selenium.edge.EdgeDriver
Command: [728df419c6a4e03a165a90629a703c97, findElement {value=//table[@id=&amp;apos;ctl00_MainContent_orderGrid&amp;apos;]//tr[2]//td/input[@type=&amp;apos;image&amp;apos;], using=xpath}]
Capabilities {acceptInsecureCerts: false, browserName: MicrosoftEdge, browserVersion: 150.0.4078.83, fedcm:accounts: true, goog:processID: 27592, ms:edgeOptions: {debuggerAddress: localhost:55997}, msedge: {msedgedriverVersion: 150.0.4078.83 (7f302606e52a..., userDataDir: C:\Users\SARATH~1\AppData\L...}, networkConnectionEnabled: false, pageLoadStrategy: normal, platformName: windows, proxy: Proxy(), se:cdp: ws://localhost:55997/devtoo..., se:cdpVersion: 150.0.4078.83, setWindowRect: true, strictFileInteractability: false, timeouts: {implicit: 0, pageLoad: 300000, script: 30000}, unhandledPromptBehavior: dismiss and notify, webauthn:extension:credBlob: true, webauthn:extension:largeBlob: true, webauthn:extension:minPinLength: true, webauthn:extension:prf: true, webauthn:virtualAuthenticators: true}
Session ID: 728df419c6a4e03a165a90629a703c97">
      <![CDATA[org.openqa.selenium.NoSuchWindowException: no such window: target window already closed
from unknown error: web view not found
  (Session info: MicrosoftEdge=150.0.4078.83)
Build info: version: '4.46.0', revision: 'df5a634 df5a6341cbb5f8f06b836bd595752775627c80dc'
System info: os.name: 'Windows 11', os.arch: 'amd64', os.version: '10.0', java.version: '21.0.11'
Driver info: org.openqa.selenium.edge.EdgeDriver
Command: [728df419c6a4e03a165a90629a703c97, findElement {value=//table[@id='ctl00_MainContent_orderGrid']//tr[2]//td/input[@type='image'], using=xpath}]
Capabilities {acceptInsecureCerts: false, browserName: MicrosoftEdge, browserVersion: 150.0.4078.83, fedcm:accounts: true, goog:processID: 27592, ms:edgeOptions: {debuggerAddress: localhost:55997}, msedge: {msedgedriverVersion: 150.0.4078.83 (7f302606e52a..., userDataDir: C:\Users\SARATH~1\AppData\L...}, networkConnectionEnabled: false, pageLoadStrategy: normal, platformName: windows, proxy: Proxy(), se:cdp: ws://localhost:55997/devtoo..., se:cdpVersion: 150.0.4078.83, setWindowRect: true, strictFileInteractability: false, timeouts: {implicit: 0, pageLoad: 300000, script: 30000}, unhandledPromptBehavior: dismiss and notify, webauthn:extension:credBlob: true, webauthn:extension:largeBlob: true, webauthn:extension:minPinLength: true, webauthn:extension:prf: true, webauthn:virtualAuthenticators: true}
Session ID: 728df419c6a4e03a165a90629a703c97
	at org.openqa.selenium.remote.ErrorCodec.decode(ErrorCodec.java:169)
	at org.openqa.selenium.remote.codec.w3c.W3CHttpResponseCodec.decode(W3CHttpResponseCodec.java:143)
	at org.openqa.selenium.remote.codec.w3c.W3CHttpResponseCodec.decode(W3CHttpResponseCodec.java:50)
	at org.openqa.selenium.remote.HttpCommandExecutor.execute(HttpCommandExecutor.java:196)
	at org.openqa.selenium.remote.service.DriverCommandExecutor.invokeExecute(DriverCommandExecutor.java:217)
	at org.openqa.selenium.remote.service.DriverCommandExecutor.execute(DriverCommandExecutor.java:175)
	at org.openqa.selenium.remote.RemoteWebDriver.execute(RemoteWebDriver.java:626)
	at org.openqa.selenium.remote.ElementLocation$ElementFinder$2.findElement(ElementLocation.java:173)
	at org.openqa.selenium.remote.ElementLocation.findElement(ElementLocation.java:60)
	at org.openqa.selenium.remote.RemoteWebDriver.findElement(RemoteWebDriver.java:406)
	at org.openqa.selenium.remote.RemoteWebDriver.findElement(RemoteWebDriver.java:400)
	at org.openqa.selenium.support.pagefactory.DefaultElementLocator.findElement(DefaultElementLocator.java:69)
	at org.openqa.selenium.support.pagefactory.internal.LocatingElementHandler.invoke(LocatingElementHandler.java:38)
	at jdk.proxy2/jdk.proxy2.$Proxy16.click(Unknown Source)
	at com.WebOrders.home.WebOrders_ViewAllOrdersPage.clickEdit(WebOrders_ViewAllOrdersPage.java:80)
	at com.WebOrders.test.WebOrder_ViewAllOrders_Test.verifyError(WebOrder_ViewAllOrders_Test.java:79)
... Removed 22 stack frames]]>
    </failure>
  </testcase> <!-- verifyError -->
  <testcase classname="com.WebOrders.test.WebOrder_ViewAllOrders_Test" name="verifyError" time="0.009">
    <failure type="org.openqa.selenium.NoSuchWindowException" message="no such window: target window already closed
from unknown error: web view not found
  (Session info: MicrosoftEdge=150.0.4078.83)
Build info: version: &amp;apos;4.46.0&amp;apos;, revision: &amp;apos;df5a634 df5a6341cbb5f8f06b836bd595752775627c80dc&amp;apos;
System info: os.name: &amp;apos;Windows 11&amp;apos;, os.arch: &amp;apos;amd64&amp;apos;, os.version: &amp;apos;10.0&amp;apos;, java.version: &amp;apos;21.0.11&amp;apos;
Driver info: org.openqa.selenium.edge.EdgeDriver
Command: [728df419c6a4e03a165a90629a703c97, findElement {value=//table[@id=&amp;apos;ctl00_MainContent_orderGrid&amp;apos;]//tr[2]//td/input[@type=&amp;apos;image&amp;apos;], using=xpath}]
Capabilities {acceptInsecureCerts: false, browserName: MicrosoftEdge, browserVersion: 150.0.4078.83, fedcm:accounts: true, goog:processID: 27592, ms:edgeOptions: {debuggerAddress: localhost:55997}, msedge: {msedgedriverVersion: 150.0.4078.83 (7f302606e52a..., userDataDir: C:\Users\SARATH~1\AppData\L...}, networkConnectionEnabled: false, pageLoadStrategy: normal, platformName: windows, proxy: Proxy(), se:cdp: ws://localhost:55997/devtoo..., se:cdpVersion: 150.0.4078.83, setWindowRect: true, strictFileInteractability: false, timeouts: {implicit: 0, pageLoad: 300000, script: 30000}, unhandledPromptBehavior: dismiss and notify, webauthn:extension:credBlob: true, webauthn:extension:largeBlob: true, webauthn:extension:minPinLength: true, webauthn:extension:prf: true, webauthn:virtualAuthenticators: true}
Session ID: 728df419c6a4e03a165a90629a703c97">
      <![CDATA[org.openqa.selenium.NoSuchWindowException: no such window: target window already closed
from unknown error: web view not found
  (Session info: MicrosoftEdge=150.0.4078.83)
Build info: version: '4.46.0', revision: 'df5a634 df5a6341cbb5f8f06b836bd595752775627c80dc'
System info: os.name: 'Windows 11', os.arch: 'amd64', os.version: '10.0', java.version: '21.0.11'
Driver info: org.openqa.selenium.edge.EdgeDriver
Command: [728df419c6a4e03a165a90629a703c97, findElement {value=//table[@id='ctl00_MainContent_orderGrid']//tr[2]//td/input[@type='image'], using=xpath}]
Capabilities {acceptInsecureCerts: false, browserName: MicrosoftEdge, browserVersion: 150.0.4078.83, fedcm:accounts: true, goog:processID: 27592, ms:edgeOptions: {debuggerAddress: localhost:55997}, msedge: {msedgedriverVersion: 150.0.4078.83 (7f302606e52a..., userDataDir: C:\Users\SARATH~1\AppData\L...}, networkConnectionEnabled: false, pageLoadStrategy: normal, platformName: windows, proxy: Proxy(), se:cdp: ws://localhost:55997/devtoo..., se:cdpVersion: 150.0.4078.83, setWindowRect: true, strictFileInteractability: false, timeouts: {implicit: 0, pageLoad: 300000, script: 30000}, unhandledPromptBehavior: dismiss and notify, webauthn:extension:credBlob: true, webauthn:extension:largeBlob: true, webauthn:extension:minPinLength: true, webauthn:extension:prf: true, webauthn:virtualAuthenticators: true}
Session ID: 728df419c6a4e03a165a90629a703c97
	at org.openqa.selenium.remote.ErrorCodec.decode(ErrorCodec.java:169)
	at org.openqa.selenium.remote.codec.w3c.W3CHttpResponseCodec.decode(W3CHttpResponseCodec.java:143)
	at org.openqa.selenium.remote.codec.w3c.W3CHttpResponseCodec.decode(W3CHttpResponseCodec.java:50)
	at org.openqa.selenium.remote.HttpCommandExecutor.execute(HttpCommandExecutor.java:196)
	at org.openqa.selenium.remote.service.DriverCommandExecutor.invokeExecute(DriverCommandExecutor.java:217)
	at org.openqa.selenium.remote.service.DriverCommandExecutor.execute(DriverCommandExecutor.java:175)
	at org.openqa.selenium.remote.RemoteWebDriver.execute(RemoteWebDriver.java:626)
	at org.openqa.selenium.remote.ElementLocation$ElementFinder$2.findElement(ElementLocation.java:173)
	at org.openqa.selenium.remote.ElementLocation.findElement(ElementLocation.java:60)
	at org.openqa.selenium.remote.RemoteWebDriver.findElement(RemoteWebDriver.java:406)
	at org.openqa.selenium.remote.RemoteWebDriver.findElement(RemoteWebDriver.java:400)
	at org.openqa.selenium.support.pagefactory.DefaultElementLocator.findElement(DefaultElementLocator.java:69)
	at org.openqa.selenium.support.pagefactory.internal.LocatingElementHandler.invoke(LocatingElementHandler.java:38)
	at jdk.proxy2/jdk.proxy2.$Proxy16.click(Unknown Source)
	at com.WebOrders.home.WebOrders_ViewAllOrdersPage.clickEdit(WebOrders_ViewAllOrdersPage.java:80)
	at com.WebOrders.test.WebOrder_ViewAllOrders_Test.verifyError(WebOrder_ViewAllOrders_Test.java:79)
... Removed 22 stack frames]]>
    </failure>
  </testcase> <!-- verifyError -->
  <testcase classname="com.WebOrders.test.WebOrder_ViewAllOrders_Test" name="verifyError" time="0.008">
    <failure type="org.openqa.selenium.NoSuchWindowException" message="no such window: target window already closed
from unknown error: web view not found
  (Session info: MicrosoftEdge=150.0.4078.83)
Build info: version: &amp;apos;4.46.0&amp;apos;, revision: &amp;apos;df5a634 df5a6341cbb5f8f06b836bd595752775627c80dc&amp;apos;
System info: os.name: &amp;apos;Windows 11&amp;apos;, os.arch: &amp;apos;amd64&amp;apos;, os.version: &amp;apos;10.0&amp;apos;, java.version: &amp;apos;21.0.11&amp;apos;
Driver info: org.openqa.selenium.edge.EdgeDriver
Command: [728df419c6a4e03a165a90629a703c97, findElement {value=//table[@id=&amp;apos;ctl00_MainContent_orderGrid&amp;apos;]//tr[2]//td/input[@type=&amp;apos;image&amp;apos;], using=xpath}]
Capabilities {acceptInsecureCerts: false, browserName: MicrosoftEdge, browserVersion: 150.0.4078.83, fedcm:accounts: true, goog:processID: 27592, ms:edgeOptions: {debuggerAddress: localhost:55997}, msedge: {msedgedriverVersion: 150.0.4078.83 (7f302606e52a..., userDataDir: C:\Users\SARATH~1\AppData\L...}, networkConnectionEnabled: false, pageLoadStrategy: normal, platformName: windows, proxy: Proxy(), se:cdp: ws://localhost:55997/devtoo..., se:cdpVersion: 150.0.4078.83, setWindowRect: true, strictFileInteractability: false, timeouts: {implicit: 0, pageLoad: 300000, script: 30000}, unhandledPromptBehavior: dismiss and notify, webauthn:extension:credBlob: true, webauthn:extension:largeBlob: true, webauthn:extension:minPinLength: true, webauthn:extension:prf: true, webauthn:virtualAuthenticators: true}
Session ID: 728df419c6a4e03a165a90629a703c97">
      <![CDATA[org.openqa.selenium.NoSuchWindowException: no such window: target window already closed
from unknown error: web view not found
  (Session info: MicrosoftEdge=150.0.4078.83)
Build info: version: '4.46.0', revision: 'df5a634 df5a6341cbb5f8f06b836bd595752775627c80dc'
System info: os.name: 'Windows 11', os.arch: 'amd64', os.version: '10.0', java.version: '21.0.11'
Driver info: org.openqa.selenium.edge.EdgeDriver
Command: [728df419c6a4e03a165a90629a703c97, findElement {value=//table[@id='ctl00_MainContent_orderGrid']//tr[2]//td/input[@type='image'], using=xpath}]
Capabilities {acceptInsecureCerts: false, browserName: MicrosoftEdge, browserVersion: 150.0.4078.83, fedcm:accounts: true, goog:processID: 27592, ms:edgeOptions: {debuggerAddress: localhost:55997}, msedge: {msedgedriverVersion: 150.0.4078.83 (7f302606e52a..., userDataDir: C:\Users\SARATH~1\AppData\L...}, networkConnectionEnabled: false, pageLoadStrategy: normal, platformName: windows, proxy: Proxy(), se:cdp: ws://localhost:55997/devtoo..., se:cdpVersion: 150.0.4078.83, setWindowRect: true, strictFileInteractability: false, timeouts: {implicit: 0, pageLoad: 300000, script: 30000}, unhandledPromptBehavior: dismiss and notify, webauthn:extension:credBlob: true, webauthn:extension:largeBlob: true, webauthn:extension:minPinLength: true, webauthn:extension:prf: true, webauthn:virtualAuthenticators: true}
Session ID: 728df419c6a4e03a165a90629a703c97
	at org.openqa.selenium.remote.ErrorCodec.decode(ErrorCodec.java:169)
	at org.openqa.selenium.remote.codec.w3c.W3CHttpResponseCodec.decode(W3CHttpResponseCodec.java:143)
	at org.openqa.selenium.remote.codec.w3c.W3CHttpResponseCodec.decode(W3CHttpResponseCodec.java:50)
	at org.openqa.selenium.remote.HttpCommandExecutor.execute(HttpCommandExecutor.java:196)
	at org.openqa.selenium.remote.service.DriverCommandExecutor.invokeExecute(DriverCommandExecutor.java:217)
	at org.openqa.selenium.remote.service.DriverCommandExecutor.execute(DriverCommandExecutor.java:175)
	at org.openqa.selenium.remote.RemoteWebDriver.execute(RemoteWebDriver.java:626)
	at org.openqa.selenium.remote.ElementLocation$ElementFinder$2.findElement(ElementLocation.java:173)
	at org.openqa.selenium.remote.ElementLocation.findElement(ElementLocation.java:60)
	at org.openqa.selenium.remote.RemoteWebDriver.findElement(RemoteWebDriver.java:406)
	at org.openqa.selenium.remote.RemoteWebDriver.findElement(RemoteWebDriver.java:400)
	at org.openqa.selenium.support.pagefactory.DefaultElementLocator.findElement(DefaultElementLocator.java:69)
	at org.openqa.selenium.support.pagefactory.internal.LocatingElementHandler.invoke(LocatingElementHandler.java:38)
	at jdk.proxy2/jdk.proxy2.$Proxy16.click(Unknown Source)
	at com.WebOrders.home.WebOrders_ViewAllOrdersPage.clickEdit(WebOrders_ViewAllOrdersPage.java:80)
	at com.WebOrders.test.WebOrder_ViewAllOrders_Test.verifyError(WebOrder_ViewAllOrders_Test.java:79)
... Removed 22 stack frames]]>
    </failure>
  </testcase> <!-- verifyError -->
  <testcase classname="com.WebOrders.test.WebOrder_ViewAllOrders_Test" name="verifyError" time="0.011">
    <failure type="org.openqa.selenium.NoSuchWindowException" message="no such window: target window already closed
from unknown error: web view not found
  (Session info: MicrosoftEdge=150.0.4078.83)
Build info: version: &amp;apos;4.46.0&amp;apos;, revision: &amp;apos;df5a634 df5a6341cbb5f8f06b836bd595752775627c80dc&amp;apos;
System info: os.name: &amp;apos;Windows 11&amp;apos;, os.arch: &amp;apos;amd64&amp;apos;, os.version: &amp;apos;10.0&amp;apos;, java.version: &amp;apos;21.0.11&amp;apos;
Driver info: org.openqa.selenium.edge.EdgeDriver
Command: [728df419c6a4e03a165a90629a703c97, findElement {value=//table[@id=&amp;apos;ctl00_MainContent_orderGrid&amp;apos;]//tr[2]//td/input[@type=&amp;apos;image&amp;apos;], using=xpath}]
Capabilities {acceptInsecureCerts: false, browserName: MicrosoftEdge, browserVersion: 150.0.4078.83, fedcm:accounts: true, goog:processID: 27592, ms:edgeOptions: {debuggerAddress: localhost:55997}, msedge: {msedgedriverVersion: 150.0.4078.83 (7f302606e52a..., userDataDir: C:\Users\SARATH~1\AppData\L...}, networkConnectionEnabled: false, pageLoadStrategy: normal, platformName: windows, proxy: Proxy(), se:cdp: ws://localhost:55997/devtoo..., se:cdpVersion: 150.0.4078.83, setWindowRect: true, strictFileInteractability: false, timeouts: {implicit: 0, pageLoad: 300000, script: 30000}, unhandledPromptBehavior: dismiss and notify, webauthn:extension:credBlob: true, webauthn:extension:largeBlob: true, webauthn:extension:minPinLength: true, webauthn:extension:prf: true, webauthn:virtualAuthenticators: true}
Session ID: 728df419c6a4e03a165a90629a703c97">
      <![CDATA[org.openqa.selenium.NoSuchWindowException: no such window: target window already closed
from unknown error: web view not found
  (Session info: MicrosoftEdge=150.0.4078.83)
Build info: version: '4.46.0', revision: 'df5a634 df5a6341cbb5f8f06b836bd595752775627c80dc'
System info: os.name: 'Windows 11', os.arch: 'amd64', os.version: '10.0', java.version: '21.0.11'
Driver info: org.openqa.selenium.edge.EdgeDriver
Command: [728df419c6a4e03a165a90629a703c97, findElement {value=//table[@id='ctl00_MainContent_orderGrid']//tr[2]//td/input[@type='image'], using=xpath}]
Capabilities {acceptInsecureCerts: false, browserName: MicrosoftEdge, browserVersion: 150.0.4078.83, fedcm:accounts: true, goog:processID: 27592, ms:edgeOptions: {debuggerAddress: localhost:55997}, msedge: {msedgedriverVersion: 150.0.4078.83 (7f302606e52a..., userDataDir: C:\Users\SARATH~1\AppData\L...}, networkConnectionEnabled: false, pageLoadStrategy: normal, platformName: windows, proxy: Proxy(), se:cdp: ws://localhost:55997/devtoo..., se:cdpVersion: 150.0.4078.83, setWindowRect: true, strictFileInteractability: false, timeouts: {implicit: 0, pageLoad: 300000, script: 30000}, unhandledPromptBehavior: dismiss and notify, webauthn:extension:credBlob: true, webauthn:extension:largeBlob: true, webauthn:extension:minPinLength: true, webauthn:extension:prf: true, webauthn:virtualAuthenticators: true}
Session ID: 728df419c6a4e03a165a90629a703c97
	at org.openqa.selenium.remote.ErrorCodec.decode(ErrorCodec.java:169)
	at org.openqa.selenium.remote.codec.w3c.W3CHttpResponseCodec.decode(W3CHttpResponseCodec.java:143)
	at org.openqa.selenium.remote.codec.w3c.W3CHttpResponseCodec.decode(W3CHttpResponseCodec.java:50)
	at org.openqa.selenium.remote.HttpCommandExecutor.execute(HttpCommandExecutor.java:196)
	at org.openqa.selenium.remote.service.DriverCommandExecutor.invokeExecute(DriverCommandExecutor.java:217)
	at org.openqa.selenium.remote.service.DriverCommandExecutor.execute(DriverCommandExecutor.java:175)
	at org.openqa.selenium.remote.RemoteWebDriver.execute(RemoteWebDriver.java:626)
	at org.openqa.selenium.remote.ElementLocation$ElementFinder$2.findElement(ElementLocation.java:173)
	at org.openqa.selenium.remote.ElementLocation.findElement(ElementLocation.java:60)
	at org.openqa.selenium.remote.RemoteWebDriver.findElement(RemoteWebDriver.java:406)
	at org.openqa.selenium.remote.RemoteWebDriver.findElement(RemoteWebDriver.java:400)
	at org.openqa.selenium.support.pagefactory.DefaultElementLocator.findElement(DefaultElementLocator.java:69)
	at org.openqa.selenium.support.pagefactory.internal.LocatingElementHandler.invoke(LocatingElementHandler.java:38)
	at jdk.proxy2/jdk.proxy2.$Proxy16.click(Unknown Source)
	at com.WebOrders.home.WebOrders_ViewAllOrdersPage.clickEdit(WebOrders_ViewAllOrdersPage.java:80)
	at com.WebOrders.test.WebOrder_ViewAllOrders_Test.verifyError(WebOrder_ViewAllOrders_Test.java:79)
... Removed 22 stack frames]]>
    </failure>
  </testcase> <!-- verifyError -->
  <testcase classname="com.WebOrders.test.WebOrder_Product_Price_Discount_Verification" name="verifyProductPrice" time="0.001">
    <skipped/>
  </testcase> <!-- verifyProductPrice -->
  <testcase classname="com.WebOrders.test.WebOrder_Product_Price_Discount_Verification" name="verifyProductPrice" time="0.002">
    <skipped/>
  </testcase> <!-- verifyProductPrice -->
  <testcase classname="com.WebOrders.test.WebOrder_Product_Price_Discount_Verification" name="verifyProductPrice" time="0.001">
    <skipped/>
  </testcase> <!-- verifyProductPrice -->
</testsuite> <!-- test-1 -->
