<?xml version="1.0" encoding="UTF-8"?>
<!-- Generated by org.testng.reporters.JUnitXMLReporter -->
<testsuite hostname="IBM-B5XQR24" failures="0" tests="3" name="test-1" time="30.021" errors="0" timestamp="22 Jul 2026 07:39:01 GMT">
  <testcase classname="com.WebOrders.test.WebOrder_Product_Price_Discount_Verification" name="verifyProductPrice" time="3.544"/>
  <testcase classname="com.WebOrders.test.WebOrder_Product_Price_Discount_Verification" name="verifyProductPrice" time="2.453"/>
  <testcase classname="com.WebOrders.test.WebOrder_Product_Price_Discount_Verification" name="verifyProductPrice" time="2.418"/>
</testsuite> <!-- test-1 -->
