<?xml version="1.0" encoding="UTF-8"?>
<!-- Generated by org.testng.reporters.JUnitXMLReporter -->
<testsuite hostname="IBM-B5XQR24" failures="0" tests="3" name="test-1" time="48.529" errors="0" timestamp="22 Jul 2026 09:29:26 GMT">
  <testcase classname="com.WebOrders.test.WebOrders_Login" name="loginTest" time="11.588"/>
  <testcase classname="com.WebOrders.test.WebOrders_Login" name="urlTest" time="11.903"/>
  <testcase classname="com.WebOrders.test.WebOrders_Login" name="verifyText" time="10.771"/>
</testsuite> <!-- test-1 -->
