<?xml version="1.0" encoding="UTF-8"?>
<!-- Generated by org.testng.reporters.JUnitXMLReporter -->
<testsuite hostname="IBM-B5XQR24" failures="0" tests="3" name="test-1" time="54.616" errors="0" timestamp="22 Jul 2026 09:25:01 GMT">
  <testcase classname="com.WebOrders.test.WebOrders_Login" name="loginTest" time="15.748"/>
  <testcase classname="com.WebOrders.test.WebOrders_Login" name="urlTest" time="13.665"/>
  <testcase classname="com.WebOrders.test.WebOrders_Login" name="verifyText" time="12.134"/>
</testsuite> <!-- test-1 -->
