<?xml version="1.0" encoding="UTF-8"?>
<!-- Generated by org.testng.reporters.JUnitReportReporter -->
<testsuite hostname="IBM-B5XQR24" failures="0" tests="3" name="com.WebOrders.test.WebOrders_Login" time="41.597" errors="0" timestamp="22 Jul 2026 09:25:01 GMT">
  <testcase classname="com.WebOrders.test.WebOrders_Login" name="verifyText" time="12.178"/>
  <testcase classname="com.WebOrders.test.WebOrders_Login" name="urlTest" time="13.667"/>
  <testcase classname="com.WebOrders.test.WebOrders_Login" name="loginTest" time="15.752"/>
</testsuite> <!-- com.WebOrders.test.WebOrders_Login -->
