<?xml version="1.0" encoding="UTF-8"?>
<!-- Generated by org.testng.reporters.JUnitReportReporter -->
<testsuite hostname="IBM-B5XQR24" failures="1" tests="1" name="com.WebOrders.test.WebOrder_Order_Test" time="0.000" errors="0" timestamp="22 Jul 2026 09:19:47 GMT">
  <testcase classname="com.WebOrders.test.WebOrder_Order_Test" name="createAndVerifyOrder" time="0.000">
    <failure message="java.io.FileNotFoundException: C:\Users\SarathMadineni\eclipse-workspace\Selenium_Training\Selenium_Training1\WebOrder_POM_Demo\TestDataFile\WebOrder_Order_Data.xlsx (The system cannot find the file specified)" type="java.lang.RuntimeException">
      <![CDATA[java.lang.RuntimeException: java.io.FileNotFoundException: C:\Users\SarathMadineni\eclipse-workspace\Selenium_Training\Selenium_Training1\WebOrder_POM_Demo\TestDataFile\WebOrder_Order_Data.xlsx (The system cannot find the file specified)
	at org.testng.internal.MethodInvocationHelper.invokeDataProvider(MethodInvocationHelper.java:161)
	at org.testng.internal.Parameters.handleParameters(Parameters.java:429)
	at org.testng.internal.Invoker.handleParameters(Invoker.java:1383)
	at org.testng.internal.Invoker.createParameters(Invoker.java:1075)
	at org.testng.internal.Invoker.invokeTestMethods(Invoker.java:1180)
	at org.testng.internal.TestMethodWorker.invokeTestMethods(TestMethodWorker.java:127)
	at org.testng.internal.TestMethodWorker.run(TestMethodWorker.java:111)
	at org.testng.TestRunner.privateRun(TestRunner.java:767)
	at org.testng.TestRunner.run(TestRunner.java:617)
	at org.testng.SuiteRunner.runTest(SuiteRunner.java:348)
	at org.testng.SuiteRunner.runSequentially(SuiteRunner.java:343)
	at org.testng.SuiteRunner.privateRun(SuiteRunner.java:305)
	at org.testng.SuiteRunner.run(SuiteRunner.java:254)
	at org.testng.SuiteRunnerWorker.runSuite(SuiteRunnerWorker.java:52)
	at org.testng.SuiteRunnerWorker.run(SuiteRunnerWorker.java:86)
	at org.testng.TestNG.runSuitesSequentially(TestNG.java:1224)
	at org.testng.TestNG.runSuitesLocally(TestNG.java:1149)
	at org.testng.TestNG.run(TestNG.java:1057)
	at org.testng.remote.AbstractRemoteTestNG.run(AbstractRemoteTestNG.java:115)
	at org.testng.remote.RemoteTestNG.initAndRun(RemoteTestNG.java:293)
	at org.testng.remote.RemoteTestNG.main(RemoteTestNG.java:91)
Caused by: java.io.FileNotFoundException: C:\Users\SarathMadineni\eclipse-workspace\Selenium_Training\Selenium_Training1\WebOrder_POM_Demo\TestDataFile\WebOrder_Order_Data.xlsx (The system cannot find the file specified)
	at java.base/java.io.FileInputStream.open0(Native Method)
	at java.base/java.io.FileInputStream.open(FileInputStream.java:213)
	at java.base/java.io.FileInputStream.<init>(FileInputStream.java:152)
	at java.base/java.io.FileInputStream.<init>(FileInputStream.java:106)
	at com.WebOrders.utils.WebOrders_ExcelParsing.getExcelData(WebOrders_ExcelParsing.java:26)
	at com.WebOrders.utils.WebOrders_TestData.OrdersDataExcel(WebOrders_TestData.java:65)
	at java.base/jdk.internal.reflect.DirectMethodHandleAccessor.invoke(DirectMethodHandleAccessor.java:103)
	at java.base/java.lang.reflect.Method.invoke(Method.java:580)
	at org.testng.internal.MethodInvocationHelper.invokeMethod(MethodInvocationHelper.java:84)
	at org.testng.internal.MethodInvocationHelper.invokeDataProvider(MethodInvocationHelper.java:135)
	... 20 more
]]>
    </failure>
  </testcase> <!-- createAndVerifyOrder -->
</testsuite> <!-- com.WebOrders.test.WebOrder_Order_Test -->
