<?xml version="1.0" encoding="UTF-8"?>
<!-- Generated by org.testng.reporters.JUnitReportReporter -->
<testsuite hostname="IBM-B5XQR24" failures="0" tests="3" name="com.WebOrders.test.WebOrders_Login" time="34.324" errors="0" timestamp="22 Jul 2026 09:29:26 GMT">
  <testcase classname="com.WebOrders.test.WebOrders_Login" name="verifyText" time="10.773"/>
  <testcase classname="com.WebOrders.test.WebOrders_Login" name="loginTest" time="11.590"/>
  <testcase classname="com.WebOrders.test.WebOrders_Login" name="urlTest" time="11.961"/>
</testsuite> <!-- com.WebOrders.test.WebOrders_Login -->
